{"C:\\Users\\joegi\\Desktop\\CreamLabAPI\\src\\controllers\\CategoriasController.js": {"path":"C:\\Users\\joegi\\Desktop\\CreamLabAPI\\src\\controllers\\CategoriasController.js","statementMap":{"0":{"start":{"line":1,"column":13},"end":{"line":1,"column":45}},"1":{"start":{"line":3,"column":25},"end":{"line":17,"column":1}},"2":{"start":{"line":4,"column":2},"end":{"line":16,"column":3}},"3":{"start":{"line":5,"column":21},"end":{"line":12,"column":6}},"4":{"start":{"line":13,"column":4},"end":{"line":13,"column":19}},"5":{"start":{"line":15,"column":4},"end":{"line":15,"column":80}},"6":{"start":{"line":19,"column":21},"end":{"line":54,"column":1}},"7":{"start":{"line":20,"column":43},"end":{"line":20,"column":51}},"8":{"start":{"line":21,"column":2},"end":{"line":53,"column":3}},"9":{"start":{"line":24,"column":4},"end":{"line":26,"column":5}},"10":{"start":{"line":25,"column":6},"end":{"line":25,"column":105}},"11":{"start":{"line":28,"column":4},"end":{"line":32,"column":5}},"12":{"start":{"line":29,"column":6},"end":{"line":29,"column":109}},"13":{"start":{"line":30,"column":10},"end":{"line":32,"column":5}},"14":{"start":{"line":31,"column":6},"end":{"line":31,"column":111}},"15":{"start":{"line":34,"column":4},"end":{"line":38,"column":5}},"16":{"start":{"line":35,"column":6},"end":{"line":35,"column":115}},"17":{"start":{"line":36,"column":10},"end":{"line":38,"column":5}},"18":{"start":{"line":37,"column":6},"end":{"line":37,"column":117}},"19":{"start":{"line":40,"column":25},"end":{"line":43,"column":5}},"20":{"start":{"line":45,"column":4},"end":{"line":47,"column":5}},"21":{"start":{"line":46,"column":6},"end":{"line":46,"column":80}},"22":{"start":{"line":49,"column":4},"end":{"line":49,"column":71}},"23":{"start":{"line":52,"column":4},"end":{"line":52,"column":76}},"24":{"start":{"line":56,"column":20},"end":{"line":71,"column":1}},"25":{"start":{"line":57,"column":17},"end":{"line":57,"column":27}},"26":{"start":{"line":58,"column":43},"end":{"line":58,"column":51}},"27":{"start":{"line":59,"column":2},"end":{"line":70,"column":3}},"28":{"start":{"line":60,"column":25},"end":{"line":63,"column":5}},"29":{"start":{"line":64,"column":4},"end":{"line":66,"column":5}},"30":{"start":{"line":65,"column":6},"end":{"line":65,"column":74}},"31":{"start":{"line":67,"column":4},"end":{"line":67,"column":76}},"32":{"start":{"line":69,"column":4},"end":{"line":69,"column":81}},"33":{"start":{"line":73,"column":23},"end":{"line":87,"column":1}},"34":{"start":{"line":74,"column":17},"end":{"line":74,"column":27}},"35":{"start":{"line":75,"column":2},"end":{"line":86,"column":3}},"36":{"start":{"line":76,"column":25},"end":{"line":79,"column":5}},"37":{"start":{"line":80,"column":4},"end":{"line":82,"column":5}},"38":{"start":{"line":81,"column":6},"end":{"line":81,"column":74}},"39":{"start":{"line":83,"column":4},"end":{"line":83,"column":74}},"40":{"start":{"line":85,"column":4},"end":{"line":85,"column":79}},"41":{"start":{"line":89,"column":0},"end":{"line":89,"column":81}}},"fnMap":{"0":{"name":"(anonymous_0)","decl":{"start":{"line":3,"column":25},"end":{"line":3,"column":26}},"loc":{"start":{"line":3,"column":45},"end":{"line":17,"column":1}},"line":3},"1":{"name":"(anonymous_1)","decl":{"start":{"line":19,"column":21},"end":{"line":19,"column":22}},"loc":{"start":{"line":19,"column":41},"end":{"line":54,"column":1}},"line":19},"2":{"name":"(anonymous_2)","decl":{"start":{"line":56,"column":20},"end":{"line":56,"column":21}},"loc":{"start":{"line":56,"column":40},"end":{"line":71,"column":1}},"line":56},"3":{"name":"(anonymous_3)","decl":{"start":{"line":73,"column":23},"end":{"line":73,"column":24}},"loc":{"start":{"line":73,"column":43},"end":{"line":87,"column":1}},"line":73}},"branchMap":{"0":{"loc":{"start":{"line":24,"column":4},"end":{"line":26,"column":5}},"type":"if","locations":[{"start":{"line":24,"column":4},"end":{"line":26,"column":5}},{"start":{},"end":{}}],"line":24},"1":{"loc":{"start":{"line":24,"column":8},"end":{"line":24,"column":40}},"type":"binary-expr","locations":[{"start":{"line":24,"column":8},"end":{"line":24,"column":24}},{"start":{"line":24,"column":28},"end":{"line":24,"column":40}}],"line":24},"2":{"loc":{"start":{"line":28,"column":4},"end":{"line":32,"column":5}},"type":"if","locations":[{"start":{"line":28,"column":4},"end":{"line":32,"column":5}},{"start":{"line":30,"column":10},"end":{"line":32,"column":5}}],"line":28},"3":{"loc":{"start":{"line":30,"column":10},"end":{"line":32,"column":5}},"type":"if","locations":[{"start":{"line":30,"column":10},"end":{"line":32,"column":5}},{"start":{},"end":{}}],"line":30},"4":{"loc":{"start":{"line":34,"column":4},"end":{"line":38,"column":5}},"type":"if","locations":[{"start":{"line":34,"column":4},"end":{"line":38,"column":5}},{"start":{"line":36,"column":10},"end":{"line":38,"column":5}}],"line":34},"5":{"loc":{"start":{"line":36,"column":10},"end":{"line":38,"column":5}},"type":"if","locations":[{"start":{"line":36,"column":10},"end":{"line":38,"column":5}},{"start":{},"end":{}}],"line":36},"6":{"loc":{"start":{"line":45,"column":4},"end":{"line":47,"column":5}},"type":"if","locations":[{"start":{"line":45,"column":4},"end":{"line":47,"column":5}},{"start":{},"end":{}}],"line":45},"7":{"loc":{"start":{"line":64,"column":4},"end":{"line":66,"column":5}},"type":"if","locations":[{"start":{"line":64,"column":4},"end":{"line":66,"column":5}},{"start":{},"end":{}}],"line":64},"8":{"loc":{"start":{"line":80,"column":4},"end":{"line":82,"column":5}},"type":"if","locations":[{"start":{"line":80,"column":4},"end":{"line":82,"column":5}},{"start":{},"end":{}}],"line":80}},"s":{"0":1,"1":1,"2":2,"3":2,"4":1,"5":1,"6":1,"7":8,"8":8,"9":8,"10":1,"11":7,"12":1,"13":6,"14":1,"15":5,"16":1,"17":4,"18":1,"19":3,"20":2,"21":1,"22":1,"23":1,"24":1,"25":3,"26":3,"27":3,"28":3,"29":2,"30":1,"31":1,"32":1,"33":1,"34":3,"35":3,"36":3,"37":2,"38":1,"39":1,"40":1,"41":1},"f":{"0":2,"1":8,"2":3,"3":3},"b":{"0":[1,7],"1":[8,7],"2":[1,6],"3":[1,5],"4":[1,4],"5":[1,3],"6":[1,1],"7":[1,1],"8":[1,1]},"_coverageSchema":"1a1c01bbd47fc00a2c39e90264f33305004495a9","hash":"8b330884ccf4a308431dc02a44a54eb0d81982a8"}
,"C:\\Users\\joegi\\Desktop\\CreamLabAPI\\src\\controllers\\EstadosController.js": {"path":"C:\\Users\\joegi\\Desktop\\CreamLabAPI\\src\\controllers\\EstadosController.js","statementMap":{"0":{"start":{"line":1,"column":13},"end":{"line":1,"column":45}},"1":{"start":{"line":3,"column":21},"end":{"line":10,"column":1}},"2":{"start":{"line":4,"column":2},"end":{"line":9,"column":3}},"3":{"start":{"line":5,"column":21},"end":{"line":5,"column":152}},"4":{"start":{"line":6,"column":4},"end":{"line":6,"column":19}},"5":{"start":{"line":8,"column":4},"end":{"line":8,"column":77}},"6":{"start":{"line":12,"column":18},"end":{"line":38,"column":1}},"7":{"start":{"line":13,"column":27},"end":{"line":13,"column":35}},"8":{"start":{"line":14,"column":2},"end":{"line":37,"column":3}},"9":{"start":{"line":16,"column":4},"end":{"line":18,"column":5}},"10":{"start":{"line":17,"column":6},"end":{"line":17,"column":84}},"11":{"start":{"line":20,"column":4},"end":{"line":22,"column":5}},"12":{"start":{"line":21,"column":6},"end":{"line":21,"column":104}},"13":{"start":{"line":24,"column":25},"end":{"line":27,"column":5}},"14":{"start":{"line":29,"column":4},"end":{"line":31,"column":5}},"15":{"start":{"line":30,"column":6},"end":{"line":30,"column":77}},"16":{"start":{"line":33,"column":4},"end":{"line":33,"column":68}},"17":{"start":{"line":36,"column":4},"end":{"line":36,"column":73}},"18":{"start":{"line":40,"column":17},"end":{"line":55,"column":1}},"19":{"start":{"line":41,"column":17},"end":{"line":41,"column":27}},"20":{"start":{"line":42,"column":27},"end":{"line":42,"column":35}},"21":{"start":{"line":43,"column":2},"end":{"line":54,"column":3}},"22":{"start":{"line":44,"column":25},"end":{"line":47,"column":5}},"23":{"start":{"line":48,"column":4},"end":{"line":50,"column":5}},"24":{"start":{"line":49,"column":6},"end":{"line":49,"column":71}},"25":{"start":{"line":51,"column":4},"end":{"line":51,"column":73}},"26":{"start":{"line":53,"column":4},"end":{"line":53,"column":78}},"27":{"start":{"line":57,"column":20},"end":{"line":72,"column":1}},"28":{"start":{"line":58,"column":17},"end":{"line":58,"column":27}},"29":{"start":{"line":59,"column":2},"end":{"line":71,"column":3}},"30":{"start":{"line":60,"column":25},"end":{"line":63,"column":5}},"31":{"start":{"line":64,"column":4},"end":{"line":66,"column":5}},"32":{"start":{"line":65,"column":6},"end":{"line":65,"column":71}},"33":{"start":{"line":67,"column":4},"end":{"line":67,"column":71}},"34":{"start":{"line":70,"column":4},"end":{"line":70,"column":76}},"35":{"start":{"line":74,"column":0},"end":{"line":74,"column":68}}},"fnMap":{"0":{"name":"(anonymous_0)","decl":{"start":{"line":3,"column":21},"end":{"line":3,"column":22}},"loc":{"start":{"line":3,"column":41},"end":{"line":10,"column":1}},"line":3},"1":{"name":"(anonymous_1)","decl":{"start":{"line":12,"column":18},"end":{"line":12,"column":19}},"loc":{"start":{"line":12,"column":38},"end":{"line":38,"column":1}},"line":12},"2":{"name":"(anonymous_2)","decl":{"start":{"line":40,"column":17},"end":{"line":40,"column":18}},"loc":{"start":{"line":40,"column":37},"end":{"line":55,"column":1}},"line":40},"3":{"name":"(anonymous_3)","decl":{"start":{"line":57,"column":20},"end":{"line":57,"column":21}},"loc":{"start":{"line":57,"column":40},"end":{"line":72,"column":1}},"line":57}},"branchMap":{"0":{"loc":{"start":{"line":16,"column":4},"end":{"line":18,"column":5}},"type":"if","locations":[{"start":{"line":16,"column":4},"end":{"line":18,"column":5}},{"start":{},"end":{}}],"line":16},"1":{"loc":{"start":{"line":20,"column":4},"end":{"line":22,"column":5}},"type":"if","locations":[{"start":{"line":20,"column":4},"end":{"line":22,"column":5}},{"start":{},"end":{}}],"line":20},"2":{"loc":{"start":{"line":29,"column":4},"end":{"line":31,"column":5}},"type":"if","locations":[{"start":{"line":29,"column":4},"end":{"line":31,"column":5}},{"start":{},"end":{}}],"line":29},"3":{"loc":{"start":{"line":48,"column":4},"end":{"line":50,"column":5}},"type":"if","locations":[{"start":{"line":48,"column":4},"end":{"line":50,"column":5}},{"start":{},"end":{}}],"line":48},"4":{"loc":{"start":{"line":64,"column":4},"end":{"line":66,"column":5}},"type":"if","locations":[{"start":{"line":64,"column":4},"end":{"line":66,"column":5}},{"start":{},"end":{}}],"line":64}},"s":{"0":1,"1":1,"2":2,"3":2,"4":1,"5":1,"6":1,"7":5,"8":5,"9":5,"10":1,"11":4,"12":1,"13":3,"14":2,"15":1,"16":1,"17":1,"18":1,"19":3,"20":3,"21":3,"22":3,"23":2,"24":1,"25":1,"26":1,"27":1,"28":3,"29":3,"30":3,"31":2,"32":1,"33":1,"34":1,"35":1},"f":{"0":2,"1":5,"2":3,"3":3},"b":{"0":[1,4],"1":[1,3],"2":[1,1],"3":[1,1],"4":[1,1]},"_coverageSchema":"1a1c01bbd47fc00a2c39e90264f33305004495a9","hash":"eb93fbd86aaf1f99fa07fc572d6de5f492f66345"}
,"C:\\Users\\joegi\\Desktop\\CreamLabAPI\\src\\controllers\\InsumosController.js": {"path":"C:\\Users\\joegi\\Desktop\\CreamLabAPI\\src\\controllers\\InsumosController.js","statementMap":{"0":{"start":{"line":1,"column":13},"end":{"line":1,"column":45}},"1":{"start":{"line":3,"column":22},"end":{"line":22,"column":1}},"2":{"start":{"line":4,"column":2},"end":{"line":21,"column":3}},"3":{"start":{"line":5,"column":21},"end":{"line":16,"column":29}},"4":{"start":{"line":17,"column":4},"end":{"line":17,"column":19}},"5":{"start":{"line":20,"column":4},"end":{"line":20,"column":77}},"6":{"start":{"line":24,"column":19},"end":{"line":54,"column":1}},"7":{"start":{"line":25,"column":95},"end":{"line":25,"column":103}},"8":{"start":{"line":26,"column":2},"end":{"line":53,"column":3}},"9":{"start":{"line":28,"column":6},"end":{"line":30,"column":7}},"10":{"start":{"line":29,"column":8},"end":{"line":29,"column":86}},"11":{"start":{"line":32,"column":6},"end":{"line":34,"column":7}},"12":{"start":{"line":33,"column":8},"end":{"line":33,"column":108}},"13":{"start":{"line":36,"column":6},"end":{"line":38,"column":7}},"14":{"start":{"line":37,"column":8},"end":{"line":37,"column":92}},"15":{"start":{"line":40,"column":25},"end":{"line":43,"column":5}},"16":{"start":{"line":45,"column":4},"end":{"line":47,"column":5}},"17":{"start":{"line":46,"column":6},"end":{"line":46,"column":77}},"18":{"start":{"line":49,"column":4},"end":{"line":49,"column":68}},"19":{"start":{"line":52,"column":4},"end":{"line":52,"column":73}},"20":{"start":{"line":56,"column":18},"end":{"line":71,"column":1}},"21":{"start":{"line":57,"column":17},"end":{"line":57,"column":27}},"22":{"start":{"line":58,"column":95},"end":{"line":58,"column":103}},"23":{"start":{"line":59,"column":2},"end":{"line":70,"column":3}},"24":{"start":{"line":60,"column":25},"end":{"line":63,"column":5}},"25":{"start":{"line":64,"column":4},"end":{"line":66,"column":5}},"26":{"start":{"line":65,"column":6},"end":{"line":65,"column":71}},"27":{"start":{"line":67,"column":4},"end":{"line":67,"column":73}},"28":{"start":{"line":69,"column":4},"end":{"line":69,"column":78}},"29":{"start":{"line":73,"column":21},"end":{"line":88,"column":1}},"30":{"start":{"line":74,"column":17},"end":{"line":74,"column":27}},"31":{"start":{"line":75,"column":2},"end":{"line":87,"column":3}},"32":{"start":{"line":76,"column":25},"end":{"line":79,"column":5}},"33":{"start":{"line":80,"column":4},"end":{"line":82,"column":5}},"34":{"start":{"line":81,"column":6},"end":{"line":81,"column":71}},"35":{"start":{"line":83,"column":4},"end":{"line":83,"column":71}},"36":{"start":{"line":86,"column":4},"end":{"line":86,"column":76}},"37":{"start":{"line":90,"column":0},"end":{"line":90,"column":72}}},"fnMap":{"0":{"name":"(anonymous_0)","decl":{"start":{"line":3,"column":22},"end":{"line":3,"column":23}},"loc":{"start":{"line":3,"column":42},"end":{"line":22,"column":1}},"line":3},"1":{"name":"(anonymous_1)","decl":{"start":{"line":24,"column":19},"end":{"line":24,"column":20}},"loc":{"start":{"line":24,"column":39},"end":{"line":54,"column":1}},"line":24},"2":{"name":"(anonymous_2)","decl":{"start":{"line":56,"column":18},"end":{"line":56,"column":19}},"loc":{"start":{"line":56,"column":38},"end":{"line":71,"column":1}},"line":56},"3":{"name":"(anonymous_3)","decl":{"start":{"line":73,"column":21},"end":{"line":73,"column":22}},"loc":{"start":{"line":73,"column":41},"end":{"line":88,"column":1}},"line":73}},"branchMap":{"0":{"loc":{"start":{"line":28,"column":6},"end":{"line":30,"column":7}},"type":"if","locations":[{"start":{"line":28,"column":6},"end":{"line":30,"column":7}},{"start":{},"end":{}}],"line":28},"1":{"loc":{"start":{"line":28,"column":10},"end":{"line":28,"column":132}},"type":"binary-expr","locations":[{"start":{"line":28,"column":10},"end":{"line":28,"column":23}},{"start":{"line":28,"column":27},"end":{"line":28,"column":43}},{"start":{"line":28,"column":47},"end":{"line":28,"column":60}},{"start":{"line":28,"column":64},"end":{"line":28,"column":77}},{"start":{"line":28,"column":81},"end":{"line":28,"column":100}},{"start":{"line":28,"column":104},"end":{"line":28,"column":132}}],"line":28},"2":{"loc":{"start":{"line":32,"column":6},"end":{"line":34,"column":7}},"type":"if","locations":[{"start":{"line":32,"column":6},"end":{"line":34,"column":7}},{"start":{},"end":{}}],"line":32},"3":{"loc":{"start":{"line":32,"column":10},"end":{"line":32,"column":61}},"type":"binary-expr","locations":[{"start":{"line":32,"column":10},"end":{"line":32,"column":33}},{"start":{"line":32,"column":37},"end":{"line":32,"column":61}}],"line":32},"4":{"loc":{"start":{"line":36,"column":6},"end":{"line":38,"column":7}},"type":"if","locations":[{"start":{"line":36,"column":6},"end":{"line":38,"column":7}},{"start":{},"end":{}}],"line":36},"5":{"loc":{"start":{"line":45,"column":4},"end":{"line":47,"column":5}},"type":"if","locations":[{"start":{"line":45,"column":4},"end":{"line":47,"column":5}},{"start":{},"end":{}}],"line":45},"6":{"loc":{"start":{"line":64,"column":4},"end":{"line":66,"column":5}},"type":"if","locations":[{"start":{"line":64,"column":4},"end":{"line":66,"column":5}},{"start":{},"end":{}}],"line":64},"7":{"loc":{"start":{"line":80,"column":4},"end":{"line":82,"column":5}},"type":"if","locations":[{"start":{"line":80,"column":4},"end":{"line":82,"column":5}},{"start":{},"end":{}}],"line":80}},"s":{"0":1,"1":1,"2":2,"3":2,"4":1,"5":1,"6":1,"7":7,"8":7,"9":7,"10":2,"11":5,"12":1,"13":4,"14":1,"15":3,"16":2,"17":1,"18":1,"19":1,"20":1,"21":3,"22":3,"23":3,"24":3,"25":2,"26":1,"27":1,"28":1,"29":1,"30":3,"31":3,"32":3,"33":2,"34":1,"35":1,"36":1,"37":1},"f":{"0":2,"1":7,"2":3,"3":3},"b":{"0":[2,5],"1":[7,6,6,5,5,5],"2":[1,4],"3":[5,4],"4":[1,3],"5":[1,1],"6":[1,1],"7":[1,1]},"_coverageSchema":"1a1c01bbd47fc00a2c39e90264f33305004495a9","hash":"b09bfb7ea8486957b8ccc1bbc0ddc5cdc3266f85"}
,"C:\\Users\\joegi\\Desktop\\CreamLabAPI\\src\\controllers\\ProductosController.js": {"path":"C:\\Users\\joegi\\Desktop\\CreamLabAPI\\src\\controllers\\ProductosController.js","statementMap":{"0":{"start":{"line":1,"column":13},"end":{"line":1,"column":45}},"1":{"start":{"line":2,"column":19},"end":{"line":2,"column":53}},"2":{"start":{"line":4,"column":23},"end":{"line":24,"column":1}},"3":{"start":{"line":5,"column":2},"end":{"line":23,"column":3}},"4":{"start":{"line":6,"column":21},"end":{"line":19,"column":6}},"5":{"start":{"line":20,"column":4},"end":{"line":20,"column":19}},"6":{"start":{"line":22,"column":4},"end":{"line":22,"column":94}},"7":{"start":{"line":26,"column":23},"end":{"line":88,"column":1}},"8":{"start":{"line":27,"column":17},"end":{"line":27,"column":27}},"9":{"start":{"line":28,"column":2},"end":{"line":87,"column":3}},"10":{"start":{"line":29,"column":18},"end":{"line":52,"column":5}},"11":{"start":{"line":53,"column":21},"end":{"line":53,"column":50}},"12":{"start":{"line":54,"column":4},"end":{"line":56,"column":5}},"13":{"start":{"line":55,"column":6},"end":{"line":55,"column":87}},"14":{"start":{"line":58,"column":24},"end":{"line":58,"column":33}},"15":{"start":{"line":59,"column":4},"end":{"line":82,"column":6}},"16":{"start":{"line":60,"column":21},"end":{"line":60,"column":35}},"17":{"start":{"line":61,"column":6},"end":{"line":73,"column":7}},"18":{"start":{"line":62,"column":8},"end":{"line":72,"column":11}},"19":{"start":{"line":74,"column":6},"end":{"line":81,"column":7}},"20":{"start":{"line":75,"column":8},"end":{"line":80,"column":11}},"21":{"start":{"line":83,"column":27},"end":{"line":83,"column":59}},"22":{"start":{"line":84,"column":4},"end":{"line":84,"column":32}},"23":{"start":{"line":86,"column":4},"end":{"line":86,"column":92}},"24":{"start":{"line":90,"column":25},"end":{"line":111,"column":1}},"25":{"start":{"line":91,"column":2},"end":{"line":110,"column":3}},"26":{"start":{"line":92,"column":21},"end":{"line":106,"column":6}},"27":{"start":{"line":107,"column":4},"end":{"line":107,"column":19}},"28":{"start":{"line":109,"column":4},"end":{"line":109,"column":87}},"29":{"start":{"line":113,"column":30},"end":{"line":135,"column":1}},"30":{"start":{"line":114,"column":23},"end":{"line":114,"column":33}},"31":{"start":{"line":115,"column":2},"end":{"line":134,"column":3}},"32":{"start":{"line":116,"column":21},"end":{"line":130,"column":5}},"33":{"start":{"line":131,"column":4},"end":{"line":131,"column":19}},"34":{"start":{"line":133,"column":4},"end":{"line":133,"column":93}},"35":{"start":{"line":137,"column":20},"end":{"line":225,"column":1}},"36":{"start":{"line":138,"column":82},"end":{"line":138,"column":90}},"37":{"start":{"line":139,"column":23},"end":{"line":139,"column":52}},"38":{"start":{"line":141,"column":2},"end":{"line":224,"column":3}},"39":{"start":{"line":142,"column":21},"end":{"line":142,"column":23}},"40":{"start":{"line":144,"column":4},"end":{"line":152,"column":5}},"41":{"start":{"line":145,"column":6},"end":{"line":151,"column":7}},"42":{"start":{"line":147,"column":8},"end":{"line":148,"column":66}},"43":{"start":{"line":150,"column":8},"end":{"line":150,"column":87}},"44":{"start":{"line":155,"column":4},"end":{"line":161,"column":5}},"45":{"start":{"line":156,"column":6},"end":{"line":160,"column":9}},"46":{"start":{"line":164,"column":4},"end":{"line":173,"column":5}},"47":{"start":{"line":165,"column":18},"end":{"line":165,"column":65}},"48":{"start":{"line":166,"column":22},"end":{"line":166,"column":63}},"49":{"start":{"line":168,"column":21},"end":{"line":171,"column":8}},"50":{"start":{"line":172,"column":6},"end":{"line":172,"column":78}},"51":{"start":{"line":176,"column":4},"end":{"line":176,"column":30}},"52":{"start":{"line":179,"column":26},"end":{"line":184,"column":5}},"53":{"start":{"line":186,"column":27},"end":{"line":187,"column":5}},"54":{"start":{"line":190,"column":27},"end":{"line":190,"column":74}},"55":{"start":{"line":191,"column":23},"end":{"line":191,"column":56}},"56":{"start":{"line":194,"column":4},"end":{"line":206,"column":5}},"57":{"start":{"line":195,"column":26},"end":{"line":199,"column":7}},"58":{"start":{"line":202,"column":6},"end":{"line":205,"column":7}},"59":{"start":{"line":204,"column":8},"end":{"line":204,"column":138}},"60":{"start":{"line":209,"column":4},"end":{"line":209,"column":31}},"61":{"start":{"line":212,"column":4},"end":{"line":215,"column":7}},"62":{"start":{"line":218,"column":4},"end":{"line":218,"column":33}},"63":{"start":{"line":219,"column":4},"end":{"line":222,"column":5}},"64":{"start":{"line":220,"column":6},"end":{"line":221,"column":86}},"65":{"start":{"line":221,"column":22},"end":{"line":221,"column":84}},"66":{"start":{"line":223,"column":4},"end":{"line":223,"column":90}},"67":{"start":{"line":227,"column":19},"end":{"line":269,"column":1}},"68":{"start":{"line":228,"column":17},"end":{"line":228,"column":27}},"69":{"start":{"line":229,"column":90},"end":{"line":229,"column":98}},"70":{"start":{"line":230,"column":23},"end":{"line":230,"column":52}},"71":{"start":{"line":231,"column":2},"end":{"line":268,"column":3}},"72":{"start":{"line":232,"column":25},"end":{"line":232,"column":95}},"73":{"start":{"line":233,"column":26},"end":{"line":233,"column":62}},"74":{"start":{"line":234,"column":4},"end":{"line":236,"column":5}},"75":{"start":{"line":235,"column":6},"end":{"line":235,"column":87}},"76":{"start":{"line":237,"column":21},"end":{"line":237,"column":42}},"77":{"start":{"line":239,"column":25},"end":{"line":239,"column":78}},"78":{"start":{"line":241,"column":4},"end":{"line":252,"column":5}},"79":{"start":{"line":242,"column":8},"end":{"line":244,"column":9}},"80":{"start":{"line":243,"column":10},"end":{"line":243,"column":146}},"81":{"start":{"line":243,"column":82},"end":{"line":243,"column":144}},"82":{"start":{"line":245,"column":20},"end":{"line":245,"column":67}},"83":{"start":{"line":246,"column":24},"end":{"line":246,"column":65}},"84":{"start":{"line":247,"column":23},"end":{"line":250,"column":10}},"85":{"start":{"line":251,"column":8},"end":{"line":251,"column":80}},"86":{"start":{"line":254,"column":24},"end":{"line":259,"column":5}},"87":{"start":{"line":260,"column":25},"end":{"line":260,"column":152}},"88":{"start":{"line":261,"column":25},"end":{"line":261,"column":68}},"89":{"start":{"line":262,"column":4},"end":{"line":262,"column":107}},"90":{"start":{"line":264,"column":4},"end":{"line":266,"column":5}},"91":{"start":{"line":265,"column":6},"end":{"line":265,"column":142}},"92":{"start":{"line":265,"column":78},"end":{"line":265,"column":140}},"93":{"start":{"line":267,"column":4},"end":{"line":267,"column":80}},"94":{"start":{"line":271,"column":27},"end":{"line":289,"column":1}},"95":{"start":{"line":272,"column":17},"end":{"line":272,"column":27}},"96":{"start":{"line":273,"column":2},"end":{"line":288,"column":3}},"97":{"start":{"line":274,"column":18},"end":{"line":279,"column":5}},"98":{"start":{"line":280,"column":19},"end":{"line":280,"column":25}},"99":{"start":{"line":281,"column":24},"end":{"line":281,"column":55}},"100":{"start":{"line":282,"column":4},"end":{"line":284,"column":5}},"101":{"start":{"line":283,"column":6},"end":{"line":283,"column":87}},"102":{"start":{"line":285,"column":4},"end":{"line":285,"column":117}},"103":{"start":{"line":287,"column":4},"end":{"line":287,"column":91}},"104":{"start":{"line":291,"column":22},"end":{"line":308,"column":1}},"105":{"start":{"line":292,"column":17},"end":{"line":292,"column":27}},"106":{"start":{"line":293,"column":2},"end":{"line":307,"column":3}},"107":{"start":{"line":294,"column":18},"end":{"line":298,"column":5}},"108":{"start":{"line":299,"column":19},"end":{"line":299,"column":25}},"109":{"start":{"line":300,"column":24},"end":{"line":300,"column":55}},"110":{"start":{"line":301,"column":4},"end":{"line":303,"column":5}},"111":{"start":{"line":302,"column":6},"end":{"line":302,"column":87}},"112":{"start":{"line":304,"column":4},"end":{"line":304,"column":104}},"113":{"start":{"line":306,"column":4},"end":{"line":306,"column":78}},"114":{"start":{"line":310,"column":0},"end":{"line":310,"column":153}}},"fnMap":{"0":{"name":"(anonymous_0)","decl":{"start":{"line":4,"column":23},"end":{"line":4,"column":24}},"loc":{"start":{"line":4,"column":43},"end":{"line":24,"column":1}},"line":4},"1":{"name":"(anonymous_1)","decl":{"start":{"line":26,"column":23},"end":{"line":26,"column":24}},"loc":{"start":{"line":26,"column":43},"end":{"line":88,"column":1}},"line":26},"2":{"name":"(anonymous_2)","decl":{"start":{"line":59,"column":17},"end":{"line":59,"column":18}},"loc":{"start":{"line":59,"column":24},"end":{"line":82,"column":5}},"line":59},"3":{"name":"(anonymous_3)","decl":{"start":{"line":90,"column":25},"end":{"line":90,"column":26}},"loc":{"start":{"line":90,"column":45},"end":{"line":111,"column":1}},"line":90},"4":{"name":"(anonymous_4)","decl":{"start":{"line":113,"column":30},"end":{"line":113,"column":31}},"loc":{"start":{"line":113,"column":50},"end":{"line":135,"column":1}},"line":113},"5":{"name":"(anonymous_5)","decl":{"start":{"line":137,"column":20},"end":{"line":137,"column":21}},"loc":{"start":{"line":137,"column":40},"end":{"line":225,"column":1}},"line":137},"6":{"name":"(anonymous_6)","decl":{"start":{"line":221,"column":15},"end":{"line":221,"column":16}},"loc":{"start":{"line":221,"column":22},"end":{"line":221,"column":84}},"line":221},"7":{"name":"(anonymous_7)","decl":{"start":{"line":227,"column":19},"end":{"line":227,"column":20}},"loc":{"start":{"line":227,"column":39},"end":{"line":269,"column":1}},"line":227},"8":{"name":"(anonymous_8)","decl":{"start":{"line":243,"column":75},"end":{"line":243,"column":76}},"loc":{"start":{"line":243,"column":82},"end":{"line":243,"column":144}},"line":243},"9":{"name":"(anonymous_9)","decl":{"start":{"line":265,"column":71},"end":{"line":265,"column":72}},"loc":{"start":{"line":265,"column":78},"end":{"line":265,"column":140}},"line":265},"10":{"name":"(anonymous_10)","decl":{"start":{"line":271,"column":27},"end":{"line":271,"column":28}},"loc":{"start":{"line":271,"column":47},"end":{"line":289,"column":1}},"line":271},"11":{"name":"(anonymous_11)","decl":{"start":{"line":291,"column":22},"end":{"line":291,"column":23}},"loc":{"start":{"line":291,"column":42},"end":{"line":308,"column":1}},"line":291}},"branchMap":{"0":{"loc":{"start":{"line":54,"column":4},"end":{"line":56,"column":5}},"type":"if","locations":[{"start":{"line":54,"column":4},"end":{"line":56,"column":5}},{"start":{},"end":{}}],"line":54},"1":{"loc":{"start":{"line":61,"column":6},"end":{"line":73,"column":7}},"type":"if","locations":[{"start":{"line":61,"column":6},"end":{"line":73,"column":7}},{"start":{},"end":{}}],"line":61},"2":{"loc":{"start":{"line":74,"column":6},"end":{"line":81,"column":7}},"type":"if","locations":[{"start":{"line":74,"column":6},"end":{"line":81,"column":7}},{"start":{},"end":{}}],"line":74},"3":{"loc":{"start":{"line":144,"column":4},"end":{"line":152,"column":5}},"type":"if","locations":[{"start":{"line":144,"column":4},"end":{"line":152,"column":5}},{"start":{},"end":{}}],"line":144},"4":{"loc":{"start":{"line":147,"column":21},"end":{"line":148,"column":65}},"type":"cond-expr","locations":[{"start":{"line":148,"column":12},"end":{"line":148,"column":43}},{"start":{"line":148,"column":46},"end":{"line":148,"column":65}}],"line":147},"5":{"loc":{"start":{"line":155,"column":4},"end":{"line":161,"column":5}},"type":"if","locations":[{"start":{"line":155,"column":4},"end":{"line":161,"column":5}},{"start":{},"end":{}}],"line":155},"6":{"loc":{"start":{"line":164,"column":4},"end":{"line":173,"column":5}},"type":"if","locations":[{"start":{"line":164,"column":4},"end":{"line":173,"column":5}},{"start":{},"end":{}}],"line":164},"7":{"loc":{"start":{"line":194,"column":4},"end":{"line":206,"column":5}},"type":"if","locations":[{"start":{"line":194,"column":4},"end":{"line":206,"column":5}},{"start":{},"end":{}}],"line":194},"8":{"loc":{"start":{"line":219,"column":4},"end":{"line":222,"column":5}},"type":"if","locations":[{"start":{"line":219,"column":4},"end":{"line":222,"column":5}},{"start":{},"end":{}}],"line":219},"9":{"loc":{"start":{"line":219,"column":8},"end":{"line":219,"column":43}},"type":"binary-expr","locations":[{"start":{"line":219,"column":8},"end":{"line":219,"column":31}},{"start":{"line":219,"column":35},"end":{"line":219,"column":43}}],"line":219},"10":{"loc":{"start":{"line":234,"column":4},"end":{"line":236,"column":5}},"type":"if","locations":[{"start":{"line":234,"column":4},"end":{"line":236,"column":5}},{"start":{},"end":{}}],"line":234},"11":{"loc":{"start":{"line":241,"column":4},"end":{"line":252,"column":5}},"type":"if","locations":[{"start":{"line":241,"column":4},"end":{"line":252,"column":5}},{"start":{},"end":{}}],"line":241},"12":{"loc":{"start":{"line":242,"column":8},"end":{"line":244,"column":9}},"type":"if","locations":[{"start":{"line":242,"column":8},"end":{"line":244,"column":9}},{"start":{},"end":{}}],"line":242},"13":{"loc":{"start":{"line":264,"column":4},"end":{"line":266,"column":5}},"type":"if","locations":[{"start":{"line":264,"column":4},"end":{"line":266,"column":5}},{"start":{},"end":{}}],"line":264},"14":{"loc":{"start":{"line":264,"column":8},"end":{"line":264,"column":43}},"type":"binary-expr","locations":[{"start":{"line":264,"column":8},"end":{"line":264,"column":31}},{"start":{"line":264,"column":35},"end":{"line":264,"column":43}}],"line":264},"15":{"loc":{"start":{"line":282,"column":4},"end":{"line":284,"column":5}},"type":"if","locations":[{"start":{"line":282,"column":4},"end":{"line":284,"column":5}},{"start":{},"end":{}}],"line":282},"16":{"loc":{"start":{"line":301,"column":4},"end":{"line":303,"column":5}},"type":"if","locations":[{"start":{"line":301,"column":4},"end":{"line":303,"column":5}},{"start":{},"end":{}}],"line":301}},"s":{"0":1,"1":1,"2":1,"3":2,"4":2,"5":1,"6":1,"7":1,"8":3,"9":3,"10":3,"11":3,"12":2,"13":1,"14":1,"15":1,"16":1,"17":1,"18":1,"19":1,"20":0,"21":1,"22":1,"23":1,"24":1,"25":2,"26":2,"27":1,"28":1,"29":1,"30":2,"31":2,"32":2,"33":1,"34":1,"35":1,"36":6,"37":6,"38":6,"39":6,"40":6,"41":6,"42":6,"43":1,"44":5,"45":1,"46":4,"47":1,"48":1,"49":1,"50":1,"51":4,"52":4,"53":4,"54":4,"55":3,"56":3,"57":1,"58":1,"59":1,"60":3,"61":3,"62":1,"63":1,"64":0,"65":0,"66":1,"67":1,"68":4,"69":4,"70":4,"71":4,"72":4,"73":4,"74":3,"75":1,"76":2,"77":2,"78":2,"79":1,"80":1,"81":0,"82":1,"83":1,"84":1,"85":1,"86":2,"87":2,"88":2,"89":2,"90":1,"91":0,"92":0,"93":1,"94":1,"95":3,"96":3,"97":3,"98":3,"99":3,"100":2,"101":1,"102":1,"103":1,"104":1,"105":3,"106":3,"107":3,"108":3,"109":3,"110":2,"111":1,"112":1,"113":1,"114":1},"f":{"0":2,"1":3,"2":1,"3":2,"4":2,"5":6,"6":0,"7":4,"8":0,"9":0,"10":3,"11":3},"b":{"0":[1,1],"1":[1,0],"2":[0,1],"3":[6,0],"4":[1,5],"5":[1,4],"6":[1,3],"7":[1,2],"8":[0,1],"9":[1,0],"10":[1,2],"11":[1,1],"12":[1,0],"13":[0,1],"14":[1,0],"15":[1,1],"16":[1,1]},"_coverageSchema":"1a1c01bbd47fc00a2c39e90264f33305004495a9","hash":"91477fdcedceecaf27920a8438e50ee89aebbd43"}
,"C:\\Users\\joegi\\Desktop\\CreamLabAPI\\src\\controllers\\RolesController.js": {"path":"C:\\Users\\joegi\\Desktop\\CreamLabAPI\\src\\controllers\\RolesController.js","statementMap":{"0":{"start":{"line":1,"column":13},"end":{"line":1,"column":45}},"1":{"start":{"line":3,"column":20},"end":{"line":10,"column":1}},"2":{"start":{"line":4,"column":4},"end":{"line":9,"column":5}},"3":{"start":{"line":5,"column":25},"end":{"line":5,"column":139}},"4":{"start":{"line":6,"column":8},"end":{"line":6,"column":23}},"5":{"start":{"line":8,"column":8},"end":{"line":8,"column":70}},"6":{"start":{"line":12,"column":16},"end":{"line":31,"column":1}},"7":{"start":{"line":13,"column":26},"end":{"line":13,"column":34}},"8":{"start":{"line":14,"column":4},"end":{"line":30,"column":5}},"9":{"start":{"line":16,"column":8},"end":{"line":18,"column":9}},"10":{"start":{"line":17,"column":12},"end":{"line":17,"column":85}},"11":{"start":{"line":20,"column":29},"end":{"line":20,"column":107}},"12":{"start":{"line":22,"column":8},"end":{"line":24,"column":9}},"13":{"start":{"line":23,"column":12},"end":{"line":23,"column":78}},"14":{"start":{"line":26,"column":8},"end":{"line":26,"column":69}},"15":{"start":{"line":29,"column":8},"end":{"line":29,"column":65}},"16":{"start":{"line":33,"column":15},"end":{"line":48,"column":1}},"17":{"start":{"line":34,"column":19},"end":{"line":34,"column":29}},"18":{"start":{"line":35,"column":26},"end":{"line":35,"column":34}},"19":{"start":{"line":36,"column":4},"end":{"line":47,"column":5}},"20":{"start":{"line":37,"column":29},"end":{"line":40,"column":9}},"21":{"start":{"line":41,"column":8},"end":{"line":43,"column":9}},"22":{"start":{"line":42,"column":12},"end":{"line":42,"column":72}},"23":{"start":{"line":44,"column":8},"end":{"line":44,"column":31}},"24":{"start":{"line":46,"column":8},"end":{"line":46,"column":70}},"25":{"start":{"line":50,"column":18},"end":{"line":64,"column":1}},"26":{"start":{"line":51,"column":19},"end":{"line":51,"column":29}},"27":{"start":{"line":52,"column":4},"end":{"line":63,"column":5}},"28":{"start":{"line":53,"column":29},"end":{"line":56,"column":9}},"29":{"start":{"line":57,"column":8},"end":{"line":59,"column":9}},"30":{"start":{"line":58,"column":12},"end":{"line":58,"column":72}},"31":{"start":{"line":60,"column":8},"end":{"line":60,"column":31}},"32":{"start":{"line":62,"column":8},"end":{"line":62,"column":68}},"33":{"start":{"line":66,"column":0},"end":{"line":66,"column":61}}},"fnMap":{"0":{"name":"(anonymous_0)","decl":{"start":{"line":3,"column":20},"end":{"line":3,"column":21}},"loc":{"start":{"line":3,"column":40},"end":{"line":10,"column":1}},"line":3},"1":{"name":"(anonymous_1)","decl":{"start":{"line":12,"column":16},"end":{"line":12,"column":17}},"loc":{"start":{"line":12,"column":36},"end":{"line":31,"column":1}},"line":12},"2":{"name":"(anonymous_2)","decl":{"start":{"line":33,"column":15},"end":{"line":33,"column":16}},"loc":{"start":{"line":33,"column":35},"end":{"line":48,"column":1}},"line":33},"3":{"name":"(anonymous_3)","decl":{"start":{"line":50,"column":18},"end":{"line":50,"column":19}},"loc":{"start":{"line":50,"column":38},"end":{"line":64,"column":1}},"line":50}},"branchMap":{"0":{"loc":{"start":{"line":16,"column":8},"end":{"line":18,"column":9}},"type":"if","locations":[{"start":{"line":16,"column":8},"end":{"line":18,"column":9}},{"start":{},"end":{}}],"line":16},"1":{"loc":{"start":{"line":22,"column":8},"end":{"line":24,"column":9}},"type":"if","locations":[{"start":{"line":22,"column":8},"end":{"line":24,"column":9}},{"start":{},"end":{}}],"line":22},"2":{"loc":{"start":{"line":41,"column":8},"end":{"line":43,"column":9}},"type":"if","locations":[{"start":{"line":41,"column":8},"end":{"line":43,"column":9}},{"start":{},"end":{}}],"line":41},"3":{"loc":{"start":{"line":57,"column":8},"end":{"line":59,"column":9}},"type":"if","locations":[{"start":{"line":57,"column":8},"end":{"line":59,"column":9}},{"start":{},"end":{}}],"line":57}},"s":{"0":1,"1":1,"2":2,"3":2,"4":1,"5":1,"6":1,"7":4,"8":4,"9":4,"10":1,"11":3,"12":2,"13":1,"14":1,"15":1,"16":1,"17":3,"18":3,"19":3,"20":3,"21":2,"22":1,"23":1,"24":1,"25":1,"26":3,"27":3,"28":3,"29":2,"30":1,"31":1,"32":1,"33":1},"f":{"0":2,"1":4,"2":3,"3":3},"b":{"0":[1,3],"1":[1,1],"2":[1,1],"3":[1,1]},"_coverageSchema":"1a1c01bbd47fc00a2c39e90264f33305004495a9","hash":"7c225620ecaa6ab9f6f1975ca395275d026a9848"}
,"C:\\Users\\joegi\\Desktop\\CreamLabAPI\\src\\controllers\\UsuariosController.js": {"path":"C:\\Users\\joegi\\Desktop\\CreamLabAPI\\src\\controllers\\UsuariosController.js","statementMap":{"0":{"start":{"line":1,"column":13},"end":{"line":1,"column":45}},"1":{"start":{"line":2,"column":15},"end":{"line":2,"column":32}},"2":{"start":{"line":5,"column":20},"end":{"line":27,"column":1}},"3":{"start":{"line":6,"column":2},"end":{"line":26,"column":3}},"4":{"start":{"line":7,"column":21},"end":{"line":21,"column":6}},"5":{"start":{"line":23,"column":4},"end":{"line":23,"column":31}},"6":{"start":{"line":25,"column":4},"end":{"line":25,"column":71}},"7":{"start":{"line":29,"column":17},"end":{"line":61,"column":1}},"8":{"start":{"line":30,"column":94},"end":{"line":30,"column":102}},"9":{"start":{"line":31,"column":2},"end":{"line":60,"column":3}},"10":{"start":{"line":34,"column":4},"end":{"line":36,"column":5}},"11":{"start":{"line":35,"column":6},"end":{"line":35,"column":84}},"12":{"start":{"line":38,"column":4},"end":{"line":40,"column":5}},"13":{"start":{"line":39,"column":6},"end":{"line":39,"column":106}},"14":{"start":{"line":42,"column":4},"end":{"line":44,"column":5}},"15":{"start":{"line":43,"column":6},"end":{"line":43,"column":97}},"16":{"start":{"line":45,"column":4},"end":{"line":45,"column":53}},"17":{"start":{"line":47,"column":25},"end":{"line":50,"column":5}},"18":{"start":{"line":52,"column":4},"end":{"line":54,"column":5}},"19":{"start":{"line":53,"column":6},"end":{"line":53,"column":78}},"20":{"start":{"line":56,"column":4},"end":{"line":56,"column":69}},"21":{"start":{"line":59,"column":4},"end":{"line":59,"column":67}},"22":{"start":{"line":63,"column":19},"end":{"line":78,"column":1}},"23":{"start":{"line":64,"column":17},"end":{"line":64,"column":27}},"24":{"start":{"line":65,"column":84},"end":{"line":65,"column":92}},"25":{"start":{"line":66,"column":2},"end":{"line":77,"column":3}},"26":{"start":{"line":67,"column":25},"end":{"line":70,"column":5}},"27":{"start":{"line":71,"column":4},"end":{"line":73,"column":5}},"28":{"start":{"line":72,"column":6},"end":{"line":72,"column":89}},"29":{"start":{"line":74,"column":4},"end":{"line":74,"column":74}},"30":{"start":{"line":76,"column":4},"end":{"line":76,"column":72}},"31":{"start":{"line":80,"column":25},"end":{"line":95,"column":1}},"32":{"start":{"line":81,"column":17},"end":{"line":81,"column":27}},"33":{"start":{"line":82,"column":2},"end":{"line":94,"column":3}},"34":{"start":{"line":83,"column":21},"end":{"line":86,"column":5}},"35":{"start":{"line":87,"column":25},"end":{"line":87,"column":29}},"36":{"start":{"line":88,"column":4},"end":{"line":90,"column":5}},"37":{"start":{"line":89,"column":6},"end":{"line":89,"column":72}},"38":{"start":{"line":91,"column":4},"end":{"line":91,"column":85}},"39":{"start":{"line":93,"column":4},"end":{"line":93,"column":83}},"40":{"start":{"line":97,"column":0},"end":{"line":97,"column":72}}},"fnMap":{"0":{"name":"(anonymous_0)","decl":{"start":{"line":5,"column":20},"end":{"line":5,"column":21}},"loc":{"start":{"line":5,"column":40},"end":{"line":27,"column":1}},"line":5},"1":{"name":"(anonymous_1)","decl":{"start":{"line":29,"column":17},"end":{"line":29,"column":18}},"loc":{"start":{"line":29,"column":37},"end":{"line":61,"column":1}},"line":29},"2":{"name":"(anonymous_2)","decl":{"start":{"line":63,"column":19},"end":{"line":63,"column":20}},"loc":{"start":{"line":63,"column":39},"end":{"line":78,"column":1}},"line":63},"3":{"name":"(anonymous_3)","decl":{"start":{"line":80,"column":25},"end":{"line":80,"column":26}},"loc":{"start":{"line":80,"column":45},"end":{"line":95,"column":1}},"line":80}},"branchMap":{"0":{"loc":{"start":{"line":34,"column":4},"end":{"line":36,"column":5}},"type":"if","locations":[{"start":{"line":34,"column":4},"end":{"line":36,"column":5}},{"start":{},"end":{}}],"line":34},"1":{"loc":{"start":{"line":34,"column":8},"end":{"line":34,"column":106}},"type":"binary-expr","locations":[{"start":{"line":34,"column":8},"end":{"line":34,"column":22}},{"start":{"line":34,"column":26},"end":{"line":34,"column":33}},{"start":{"line":34,"column":37},"end":{"line":34,"column":46}},{"start":{"line":34,"column":50},"end":{"line":34,"column":64}},{"start":{"line":34,"column":68},"end":{"line":34,"column":84}},{"start":{"line":34,"column":88},"end":{"line":34,"column":98}},{"start":{"line":34,"column":102},"end":{"line":34,"column":106}}],"line":34},"2":{"loc":{"start":{"line":38,"column":4},"end":{"line":40,"column":5}},"type":"if","locations":[{"start":{"line":38,"column":4},"end":{"line":40,"column":5}},{"start":{},"end":{}}],"line":38},"3":{"loc":{"start":{"line":38,"column":8},"end":{"line":38,"column":61}},"type":"binary-expr","locations":[{"start":{"line":38,"column":8},"end":{"line":38,"column":32}},{"start":{"line":38,"column":36},"end":{"line":38,"column":61}}],"line":38},"4":{"loc":{"start":{"line":42,"column":4},"end":{"line":44,"column":5}},"type":"if","locations":[{"start":{"line":42,"column":4},"end":{"line":44,"column":5}},{"start":{},"end":{}}],"line":42},"5":{"loc":{"start":{"line":52,"column":4},"end":{"line":54,"column":5}},"type":"if","locations":[{"start":{"line":52,"column":4},"end":{"line":54,"column":5}},{"start":{},"end":{}}],"line":52},"6":{"loc":{"start":{"line":71,"column":4},"end":{"line":73,"column":5}},"type":"if","locations":[{"start":{"line":71,"column":4},"end":{"line":73,"column":5}},{"start":{},"end":{}}],"line":71},"7":{"loc":{"start":{"line":88,"column":4},"end":{"line":90,"column":5}},"type":"if","locations":[{"start":{"line":88,"column":4},"end":{"line":90,"column":5}},{"start":{},"end":{}}],"line":88}},"s":{"0":1,"1":1,"2":1,"3":2,"4":2,"5":1,"6":1,"7":1,"8":7,"9":7,"10":7,"11":1,"12":6,"13":1,"14":5,"15":1,"16":4,"17":3,"18":2,"19":1,"20":1,"21":2,"22":1,"23":3,"24":3,"25":3,"26":3,"27":2,"28":1,"29":1,"30":1,"31":1,"32":3,"33":3,"34":3,"35":2,"36":2,"37":1,"38":1,"39":1,"40":1},"f":{"0":2,"1":7,"2":3,"3":3},"b":{"0":[1,6],"1":[7,6,6,6,6,6,6],"2":[1,5],"3":[6,5],"4":[1,4],"5":[1,1],"6":[1,1],"7":[1,1]},"_coverageSchema":"1a1c01bbd47fc00a2c39e90264f33305004495a9","hash":"98db4bf8e94da0eea3e0154179b1028c0b347d70"}
}
