TN:
SF:src\controllers\CategoriasController.js
FN:3,(anonymous_0)
FN:19,(anonymous_1)
FN:56,(anonymous_2)
FN:73,(anonymous_3)
FNF:4
FNH:4
FNDA:2,(anonymous_0)
FNDA:8,(anonymous_1)
FNDA:3,(anonymous_2)
FNDA:3,(anonymous_3)
DA:1,1
DA:3,1
DA:4,2
DA:5,2
DA:13,1
DA:15,1
DA:19,1
DA:20,8
DA:21,8
DA:24,8
DA:25,1
DA:28,7
DA:29,1
DA:30,6
DA:31,1
DA:34,5
DA:35,1
DA:36,4
DA:37,1
DA:40,3
DA:45,2
DA:46,1
DA:49,1
DA:52,1
DA:56,1
DA:57,3
DA:58,3
DA:59,3
DA:60,3
DA:64,2
DA:65,1
DA:67,1
DA:69,1
DA:73,1
DA:74,3
DA:75,3
DA:76,3
DA:80,2
DA:81,1
DA:83,1
DA:85,1
DA:89,1
LF:42
LH:42
BRDA:24,0,0,1
BRDA:24,0,1,7
BRDA:24,1,0,8
BRDA:24,1,1,7
BRDA:28,2,0,1
BRDA:28,2,1,6
BRDA:30,3,0,1
BRDA:30,3,1,5
BRDA:34,4,0,1
BRDA:34,4,1,4
BRDA:36,5,0,1
BRDA:36,5,1,3
BRDA:45,6,0,1
BRDA:45,6,1,1
BRDA:64,7,0,1
BRDA:64,7,1,1
BRDA:80,8,0,1
BRDA:80,8,1,1
BRF:18
BRH:18
end_of_record
TN:
SF:src\controllers\EstadosController.js
FN:3,(anonymous_0)
FN:12,(anonymous_1)
FN:40,(anonymous_2)
FN:57,(anonymous_3)
FNF:4
FNH:4
FNDA:2,(anonymous_0)
FNDA:5,(anonymous_1)
FNDA:3,(anonymous_2)
FNDA:3,(anonymous_3)
DA:1,1
DA:3,1
DA:4,2
DA:5,2
DA:6,1
DA:8,1
DA:12,1
DA:13,5
DA:14,5
DA:16,5
DA:17,1
DA:20,4
DA:21,1
DA:24,3
DA:29,2
DA:30,1
DA:33,1
DA:36,1
DA:40,1
DA:41,3
DA:42,3
DA:43,3
DA:44,3
DA:48,2
DA:49,1
DA:51,1
DA:53,1
DA:57,1
DA:58,3
DA:59,3
DA:60,3
DA:64,2
DA:65,1
DA:67,1
DA:70,1
DA:74,1
LF:36
LH:36
BRDA:16,0,0,1
BRDA:16,0,1,4
BRDA:20,1,0,1
BRDA:20,1,1,3
BRDA:29,2,0,1
BRDA:29,2,1,1
BRDA:48,3,0,1
BRDA:48,3,1,1
BRDA:64,4,0,1
BRDA:64,4,1,1
BRF:10
BRH:10
end_of_record
TN:
SF:src\controllers\InsumosController.js
FN:3,(anonymous_0)
FN:24,(anonymous_1)
FN:56,(anonymous_2)
FN:73,(anonymous_3)
FNF:4
FNH:4
FNDA:2,(anonymous_0)
FNDA:7,(anonymous_1)
FNDA:3,(anonymous_2)
FNDA:3,(anonymous_3)
DA:1,1
DA:3,1
DA:4,2
DA:5,2
DA:17,1
DA:20,1
DA:24,1
DA:25,7
DA:26,7
DA:28,7
DA:29,2
DA:32,5
DA:33,1
DA:36,4
DA:37,1
DA:40,3
DA:45,2
DA:46,1
DA:49,1
DA:52,1
DA:56,1
DA:57,3
DA:58,3
DA:59,3
DA:60,3
DA:64,2
DA:65,1
DA:67,1
DA:69,1
DA:73,1
DA:74,3
DA:75,3
DA:76,3
DA:80,2
DA:81,1
DA:83,1
DA:86,1
DA:90,1
LF:38
LH:38
BRDA:28,0,0,2
BRDA:28,0,1,5
BRDA:28,1,0,7
BRDA:28,1,1,6
BRDA:28,1,2,6
BRDA:28,1,3,5
BRDA:28,1,4,5
BRDA:28,1,5,5
BRDA:32,2,0,1
BRDA:32,2,1,4
BRDA:32,3,0,5
BRDA:32,3,1,4
BRDA:36,4,0,1
BRDA:36,4,1,3
BRDA:45,5,0,1
BRDA:45,5,1,1
BRDA:64,6,0,1
BRDA:64,6,1,1
BRDA:80,7,0,1
BRDA:80,7,1,1
BRF:20
BRH:20
end_of_record
TN:
SF:src\controllers\ProductosController.js
FN:4,(anonymous_0)
FN:26,(anonymous_1)
FN:59,(anonymous_2)
FN:90,(anonymous_3)
FN:113,(anonymous_4)
FN:137,(anonymous_5)
FN:221,(anonymous_6)
FN:227,(anonymous_7)
FN:243,(anonymous_8)
FN:265,(anonymous_9)
FN:271,(anonymous_10)
FN:291,(anonymous_11)
FNF:12
FNH:9
FNDA:2,(anonymous_0)
FNDA:3,(anonymous_1)
FNDA:1,(anonymous_2)
FNDA:2,(anonymous_3)
FNDA:2,(anonymous_4)
FNDA:6,(anonymous_5)
FNDA:0,(anonymous_6)
FNDA:4,(anonymous_7)
FNDA:0,(anonymous_8)
FNDA:0,(anonymous_9)
FNDA:3,(anonymous_10)
FNDA:3,(anonymous_11)
DA:1,1
DA:2,1
DA:4,1
DA:5,2
DA:6,2
DA:20,1
DA:22,1
DA:26,1
DA:27,3
DA:28,3
DA:29,3
DA:53,3
DA:54,2
DA:55,1
DA:58,1
DA:59,1
DA:60,1
DA:61,1
DA:62,1
DA:74,1
DA:75,0
DA:83,1
DA:84,1
DA:86,1
DA:90,1
DA:91,2
DA:92,2
DA:107,1
DA:109,1
DA:113,1
DA:114,2
DA:115,2
DA:116,2
DA:131,1
DA:133,1
DA:137,1
DA:138,6
DA:139,6
DA:141,6
DA:142,6
DA:144,6
DA:145,6
DA:147,6
DA:150,1
DA:155,5
DA:156,1
DA:164,4
DA:165,1
DA:166,1
DA:168,1
DA:172,1
DA:176,4
DA:179,4
DA:186,4
DA:190,4
DA:191,3
DA:194,3
DA:195,1
DA:202,1
DA:204,1
DA:209,3
DA:212,3
DA:218,1
DA:219,1
DA:220,0
DA:221,0
DA:223,1
DA:227,1
DA:228,4
DA:229,4
DA:230,4
DA:231,4
DA:232,4
DA:233,4
DA:234,3
DA:235,1
DA:237,2
DA:239,2
DA:241,2
DA:242,1
DA:243,1
DA:245,1
DA:246,1
DA:247,1
DA:251,1
DA:254,2
DA:260,2
DA:261,2
DA:262,2
DA:264,1
DA:265,0
DA:267,1
DA:271,1
DA:272,3
DA:273,3
DA:274,3
DA:280,3
DA:281,3
DA:282,2
DA:283,1
DA:285,1
DA:287,1
DA:291,1
DA:292,3
DA:293,3
DA:294,3
DA:299,3
DA:300,3
DA:301,2
DA:302,1
DA:304,1
DA:306,1
DA:310,1
LF:113
LH:109
BRDA:54,0,0,1
BRDA:54,0,1,1
BRDA:61,1,0,1
BRDA:61,1,1,0
BRDA:74,2,0,0
BRDA:74,2,1,1
BRDA:144,3,0,6
BRDA:144,3,1,0
BRDA:147,4,0,1
BRDA:147,4,1,5
BRDA:155,5,0,1
BRDA:155,5,1,4
BRDA:164,6,0,1
BRDA:164,6,1,3
BRDA:194,7,0,1
BRDA:194,7,1,2
BRDA:219,8,0,0
BRDA:219,8,1,1
BRDA:219,9,0,1
BRDA:219,9,1,0
BRDA:234,10,0,1
BRDA:234,10,1,2
BRDA:241,11,0,1
BRDA:241,11,1,1
BRDA:242,12,0,1
BRDA:242,12,1,0
BRDA:264,13,0,0
BRDA:264,13,1,1
BRDA:264,14,0,1
BRDA:264,14,1,0
BRDA:282,15,0,1
BRDA:282,15,1,1
BRDA:301,16,0,1
BRDA:301,16,1,1
BRF:34
BRH:26
end_of_record
TN:
SF:src\controllers\RolesController.js
FN:3,(anonymous_0)
FN:12,(anonymous_1)
FN:33,(anonymous_2)
FN:50,(anonymous_3)
FNF:4
FNH:4
FNDA:2,(anonymous_0)
FNDA:4,(anonymous_1)
FNDA:3,(anonymous_2)
FNDA:3,(anonymous_3)
DA:1,1
DA:3,1
DA:4,2
DA:5,2
DA:6,1
DA:8,1
DA:12,1
DA:13,4
DA:14,4
DA:16,4
DA:17,1
DA:20,3
DA:22,2
DA:23,1
DA:26,1
DA:29,1
DA:33,1
DA:34,3
DA:35,3
DA:36,3
DA:37,3
DA:41,2
DA:42,1
DA:44,1
DA:46,1
DA:50,1
DA:51,3
DA:52,3
DA:53,3
DA:57,2
DA:58,1
DA:60,1
DA:62,1
DA:66,1
LF:34
LH:34
BRDA:16,0,0,1
BRDA:16,0,1,3
BRDA:22,1,0,1
BRDA:22,1,1,1
BRDA:41,2,0,1
BRDA:41,2,1,1
BRDA:57,3,0,1
BRDA:57,3,1,1
BRF:8
BRH:8
end_of_record
TN:
SF:src\controllers\UsuariosController.js
FN:5,(anonymous_0)
FN:29,(anonymous_1)
FN:63,(anonymous_2)
FN:80,(anonymous_3)
FNF:4
FNH:4
FNDA:2,(anonymous_0)
FNDA:7,(anonymous_1)
FNDA:3,(anonymous_2)
FNDA:3,(anonymous_3)
DA:1,1
DA:2,1
DA:5,1
DA:6,2
DA:7,2
DA:23,1
DA:25,1
DA:29,1
DA:30,7
DA:31,7
DA:34,7
DA:35,1
DA:38,6
DA:39,1
DA:42,5
DA:43,1
DA:45,4
DA:47,3
DA:52,2
DA:53,1
DA:56,1
DA:59,2
DA:63,1
DA:64,3
DA:65,3
DA:66,3
DA:67,3
DA:71,2
DA:72,1
DA:74,1
DA:76,1
DA:80,1
DA:81,3
DA:82,3
DA:83,3
DA:87,2
DA:88,2
DA:89,1
DA:91,1
DA:93,1
DA:97,1
LF:41
LH:41
BRDA:34,0,0,1
BRDA:34,0,1,6
BRDA:34,1,0,7
BRDA:34,1,1,6
BRDA:34,1,2,6
BRDA:34,1,3,6
BRDA:34,1,4,6
BRDA:34,1,5,6
BRDA:34,1,6,6
BRDA:38,2,0,1
BRDA:38,2,1,5
BRDA:38,3,0,6
BRDA:38,3,1,5
BRDA:42,4,0,1
BRDA:42,4,1,4
BRDA:52,5,0,1
BRDA:52,5,1,1
BRDA:71,6,0,1
BRDA:71,6,1,1
BRDA:88,7,0,1
BRDA:88,7,1,1
BRF:21
BRH:21
end_of_record
